  main.cpp
main.obj : error LNK2019: unresolved external symbol "public: __thiscall Person::Person(char const *)" (??0Person@@QAE@PBD@Z) referenced in function _main
main.obj : error LNK2019: unresolved external symbol "public: virtual __thiscall Person::~Person(void)" (??1Person@@UAE@XZ) referenced in function "public: virtual __thiscall Employee::~Employee(void)" (??1Employee@@UAE@XZ)
main.obj : error LNK2019: unresolved external symbol "public: __thiscall Receptionist::Receptionist(char const *,float)" (??0Receptionist@@QAE@PBDM@Z) referenced in function "void __cdecl initEmployeesForHotel(class Hotel &)" (?initEmployeesForHotel@@YAXAAVHotel@@@Z)
main.obj : error LNK2019: unresolved external symbol "public: __thiscall RoomService::RoomService(char const *,float)" (??0RoomService@@QAE@PBDM@Z) referenced in function "void __cdecl initEmployeesForHotel(class Hotel &)" (?initEmployeesForHotel@@YAXAAVHotel@@@Z)
main.obj : error LNK2019: unresolved external symbol "public: __thiscall HouseKeeper::HouseKeeper(char const *,float)" (??0HouseKeeper@@QAE@PBDM@Z) referenced in function "void __cdecl initEmployeesForHotel(class Hotel &)" (?initEmployeesForHotel@@YAXAAVHotel@@@Z)
main.obj : error LNK2019: unresolved external symbol "public: void __thiscall HouseKeeper::cleenRoom(int)" (?cleenRoom@HouseKeeper@@QAEXH@Z) referenced in function _main
main.obj : error LNK2019: unresolved external symbol "public: void __thiscall HouseKeeper::cleanAllRooms(void)" (?cleanAllRooms@HouseKeeper@@QAEXXZ) referenced in function _main
main.obj : error LNK2019: unresolved external symbol "public: __thiscall ShiftManager::ShiftManager(char const *,float)" (??0ShiftManager@@QAE@PBDM@Z) referenced in function "void __cdecl initEmployeesForHotel(class Hotel &)" (?initEmployeesForHotel@@YAXAAVHotel@@@Z)
main.obj : error LNK2019: unresolved external symbol "public: void __thiscall ShiftManager::handleComplaint(int,char const *)const " (?handleComplaint@ShiftManager@@QBEXHPBD@Z) referenced in function _main
main.obj : error LNK2019: unresolved external symbol "public: __thiscall Hotel::Hotel(char const *)" (??0Hotel@@QAE@PBD@Z) referenced in function _main
main.obj : error LNK2019: unresolved external symbol "public: __thiscall Hotel::~Hotel(void)" (??1Hotel@@QAE@XZ) referenced in function _main
main.obj : error LNK2019: unresolved external symbol "public: class Receptionist & __thiscall Hotel::getReceptionist(void)const " (?getReceptionist@Hotel@@QBEAAVReceptionist@@XZ) referenced in function _main
main.obj : error LNK2019: unresolved external symbol "public: class RoomService & __thiscall Hotel::getRoomService(void)const " (?getRoomService@Hotel@@QBEAAVRoomService@@XZ) referenced in function _main
main.obj : error LNK2019: unresolved external symbol "public: class HouseKeeper & __thiscall Hotel::getHouseKeeper(void)const " (?getHouseKeeper@Hotel@@QBEAAVHouseKeeper@@XZ) referenced in function _main
main.obj : error LNK2019: unresolved external symbol "public: class ShiftManager & __thiscall Hotel::getShiftManager(void)const " (?getShiftManager@Hotel@@QBEAAVShiftManager@@XZ) referenced in function _main
main.obj : error LNK2019: unresolved external symbol "public: class DiningRoom * __thiscall Hotel::getDiningRoom(void)const " (?getDiningRoom@Hotel@@QBEPAVDiningRoom@@XZ) referenced in function _main
main.obj : error LNK2019: unresolved external symbol "public: int __thiscall Hotel::ckeckIn(class Person const *)" (?ckeckIn@Hotel@@QAEHPBVPerson@@@Z) referenced in function _main
main.obj : error LNK2019: unresolved external symbol "public: void __thiscall Hotel::ckeckOut(int)" (?ckeckOut@Hotel@@QAEXH@Z) referenced in function _main
main.obj : error LNK2019: unresolved external symbol "public: void __thiscall Hotel::increaseAllEmployeesSalary(float)" (?increaseAllEmployeesSalary@Hotel@@QAEXM@Z) referenced in function _main
main.obj : error LNK2019: unresolved external symbol "public: class Hotel const & __thiscall Hotel::operator+=(class Employee &)" (??YHotel@@QAEABV0@AAVEmployee@@@Z) referenced in function "void __cdecl initEmployeesForHotel(class Hotel &)" (?initEmployeesForHotel@@YAXAAVHotel@@@Z)
main.obj : error LNK2019: unresolved external symbol "public: class Hotel const & __thiscall Hotel::operator-=(class Employee &)" (??ZHotel@@QAEABV0@AAVEmployee@@@Z) referenced in function "void __cdecl initEmployeesForHotel(class Hotel &)" (?initEmployeesForHotel@@YAXAAVHotel@@@Z)
main.obj : error LNK2019: unresolved external symbol "public: class std::basic_ostream<char,struct std::char_traits<char> > & __thiscall Hotel::showHotelEmployees(class std::basic_ostream<char,struct std::char_traits<char> > &)" (?showHotelEmployees@Hotel@@QAEAAV?$basic_ostream@DU?$char_traits@D@std@@@std@@AAV23@@Z) referenced in function "void __cdecl initEmployeesForHotel(class Hotel &)" (?initEmployeesForHotel@@YAXAAVHotel@@@Z)
main.obj : error LNK2019: unresolved external symbol "public: class std::basic_ostream<char,struct std::char_traits<char> > & __thiscall Hotel::showHotelDetails(class std::basic_ostream<char,struct std::char_traits<char> > &)" (?showHotelDetails@Hotel@@QAEAAV?$basic_ostream@DU?$char_traits@D@std@@@std@@AAV23@@Z) referenced in function _main
main.obj : error LNK2019: unresolved external symbol "public: void __thiscall Hotel::openDRGates(void)const " (?openDRGates@Hotel@@QBEXXZ) referenced in function _main
E:\Downloads\Hotel2\Hotel\Debug\Hotel.exe : fatal error LNK1120: 24 unresolved externals
