  suite.cpp
  shiftManager.cpp
  roomService.cpp
  RoomProperty.cpp
  RoomForBirthday.cpp
  RoomForAnniversary.cpp
  room.cpp
  receptionist.cpp
  person.cpp
  main.cpp
  IncreaseSalaryVisitor.cpp
  houseKeeper.cpp
  hotel.cpp
c:\users\eviat\documents\visual studio 2015\projects\hotel-part2\hotel\hotel.cpp(150): warning C4267: 'initializing': conversion from 'size_t' to 'int', possible loss of data
c:\users\eviat\documents\visual studio 2015\projects\hotel-part2\hotel\hotel.cpp(308): warning C4244: 'argument': conversion from 'int' to 'float', possible loss of data
  employee.cpp
  diningRoom.cpp
  Generating Code...
  Hotel.vcxproj -> C:\Users\eviat\Documents\Visual Studio 2015\Projects\Hotel-Part2\x64\Debug\Hotel.exe
  Hotel.vcxproj -> C:\Users\eviat\Documents\Visual Studio 2015\Projects\Hotel-Part2\x64\Debug\Hotel.pdb (Full PDB)
