c:\users\eviat\documents\visual studio 2015\projects\hotel\hotel\x64\debug\vc140.pdb
c:\users\eviat\documents\visual studio 2015\projects\hotel-part3\hotel\x64\debug\vc140.pdb
c:\users\eviat\documents\visual studio 2015\projects\hotel-part3\hotel\x64\debug\vc140.idb
c:\users\eviat\documents\visual studio 2015\projects\hotel-part3\hotel\x64\debug\diningroom.obj
c:\users\eviat\documents\visual studio 2015\projects\hotel-part3\hotel\x64\debug\employee.obj
c:\users\eviat\documents\visual studio 2015\projects\hotel-part3\hotel\x64\debug\hotel.obj
c:\users\eviat\documents\visual studio 2015\projects\hotel-part3\hotel\x64\debug\housekeeper.obj
c:\users\eviat\documents\visual studio 2015\projects\hotel-part3\hotel\x64\debug\increasesalaryvisitor.obj
c:\users\eviat\documents\visual studio 2015\projects\hotel-part3\hotel\x64\debug\main.obj
c:\users\eviat\documents\visual studio 2015\projects\hotel-part3\hotel\x64\debug\person.obj
c:\users\eviat\documents\visual studio 2015\projects\hotel-part3\hotel\x64\debug\receptionist.obj
c:\users\eviat\documents\visual studio 2015\projects\hotel-part3\hotel\x64\debug\room.obj
c:\users\eviat\documents\visual studio 2015\projects\hotel-part3\hotel\x64\debug\roomforanniversary.obj
c:\users\eviat\documents\visual studio 2015\projects\hotel-part3\hotel\x64\debug\roomforbirthday.obj
c:\users\eviat\documents\visual studio 2015\projects\hotel-part3\hotel\x64\debug\roomproperty.obj
c:\users\eviat\documents\visual studio 2015\projects\hotel-part3\hotel\x64\debug\roomservice.obj
c:\users\eviat\documents\visual studio 2015\projects\hotel-part3\hotel\x64\debug\shiftmanager.obj
c:\users\eviat\documents\visual studio 2015\projects\hotel-part3\hotel\x64\debug\suite.obj
c:\users\eviat\documents\visual studio 2015\projects\hotel\x64\debug\hotel.ilk
c:\users\eviat\documents\visual studio 2015\projects\hotel\x64\debug\hotel.exe
c:\users\eviat\documents\visual studio 2015\projects\hotel\x64\debug\hotel.pdb
c:\users\eviat\documents\visual studio 2015\projects\hotel-part3\x64\debug\hotel.ilk
c:\users\eviat\documents\visual studio 2015\projects\hotel-part3\x64\debug\hotel.exe
c:\users\eviat\documents\visual studio 2015\projects\hotel-part3\x64\debug\hotel.pdb
c:\users\eviat\documents\visual studio 2015\projects\hotel-part3\hotel\x64\debug\hotel.tlog\cl.command.1.tlog
c:\users\eviat\documents\visual studio 2015\projects\hotel-part3\hotel\x64\debug\hotel.tlog\cl.read.1.tlog
c:\users\eviat\documents\visual studio 2015\projects\hotel-part3\hotel\x64\debug\hotel.tlog\cl.write.1.tlog
c:\users\eviat\documents\visual studio 2015\projects\hotel-part3\hotel\x64\debug\hotel.tlog\link.command.1.tlog
c:\users\eviat\documents\visual studio 2015\projects\hotel-part3\hotel\x64\debug\hotel.tlog\link.read.1.tlog
c:\users\eviat\documents\visual studio 2015\projects\hotel-part3\hotel\x64\debug\hotel.tlog\link.write.1.tlog
